This file contains any messages produced by compilers while
running configure, to aid debugging if configure makes a mistake.

It was created by configure, which was
generated by GNU Autoconf 2.59.  Invocation command line was

  $ ./configure --prefix=/usr --enable-ebuild --enable-maintainer-mode

## --------- ##
## Platform. ##
## --------- ##

hostname = voyager
uname -m = i686
uname -r = 2.6.10-gentoo-r4
uname -s = Linux
uname -v = #2 Sat Jan 15 14:26:11 CET 2005

/usr/bin/uname -p = Intel(R) Pentium(R) M processor 1.50GHz
/bin/uname -X     = unknown

/bin/arch              = i686
/usr/bin/arch -k       = unknown
/usr/convex/getsysinfo = unknown
hostinfo               = unknown
/bin/machine           = unknown
/usr/bin/oslevel       = unknown
/bin/universe          = unknown

PATH: /usr/local/bin
PATH: /usr/bin
PATH: /bin
PATH: /opt/bin
PATH: /usr/i686-pc-linux-gnu/gcc-bin/3.3
PATH: /opt/Acrobat5
PATH: /usr/X11R6/bin
PATH: /opt/blackdown-jdk-1.4.2.01/bin
PATH: /opt/blackdown-jdk-1.4.2.01/jre/bin
PATH: /usr/qt/3/bin
PATH: /usr/kde/3.3/bin
PATH: /usr/games/bin


## ----------- ##
## Core tests. ##
## ----------- ##

configure:1607: checking for a BSD-compatible install
configure:1662: result: /usr/bin/install -c
configure:1673: checking whether build environment is sane
configure:1716: result: yes
configure:1773: checking for gawk
configure:1789: found /usr/bin/gawk
configure:1799: result: gawk
configure:1809: checking whether make sets $(MAKE)
configure:1829: result: yes
configure:2066: checking for gcc
configure:2092: result: gcc
configure:2336: checking for C compiler version
configure:2339: gcc --version </dev/null >&5
gcc (GCC) 3.3.4 20040623 (Gentoo Linux 3.3.4-r1, ssp-3.3.2-2, pie-8.7.6)
Copyright (C) 2003 Free Software Foundation, Inc.
This is free software; see the source for copying conditions.  There is NO
warranty; not even for MERCHANTABILITY or FITNESS FOR A PARTICULAR PURPOSE.

configure:2342: $? = 0
configure:2344: gcc -v </dev/null >&5
Reading specs from /usr/lib/gcc-lib/i686-pc-linux-gnu/3.3.4/specs
Configured with: /var/tmp/portage/gcc-3.3.4-r1/work/gcc-3.3.4/configure --prefix=/usr --bindir=/usr/i686-pc-linux-gnu/gcc-bin/3.3 --includedir=/usr/lib/gcc-lib/i686-pc-linux-gnu/3.3.4/include --datadir=/usr/share/gcc-data/i686-pc-linux-gnu/3.3 --mandir=/usr/share/gcc-data/i686-pc-linux-gnu/3.3/man --infodir=/usr/share/gcc-data/i686-pc-linux-gnu/3.3/info --enable-shared --host=i686-pc-linux-gnu --target=i686-pc-linux-gnu --with-system-zlib --enable-languages=c,c++,f77 --enable-threads=posix --enable-long-long --disable-checking --disable-libunwind-exceptions --enable-cstdio=stdio --enable-version-specific-runtime-libs --with-gxx-include-dir=/usr/lib/gcc-lib/i686-pc-linux-gnu/3.3.4/include/g++-v3 --with-local-prefix=/usr/local --enable-shared --enable-nls --without-included-gettext --disable-multilib --enable-__cxa_atexit --enable-clocale=generic
Thread model: posix
gcc version 3.3.4 20040623 (Gentoo Linux 3.3.4-r1, ssp-3.3.2-2, pie-8.7.6)
configure:2347: $? = 0
configure:2349: gcc -V </dev/null >&5
gcc: `-V' option must have argument
configure:2352: $? = 1
configure:2375: checking for C compiler default output file name
configure:2378: gcc    conftest.c  >&5
configure:2381: $? = 0
configure:2427: result: a.out
configure:2432: checking whether the C compiler works
configure:2438: ./a.out
configure:2441: $? = 0
configure:2458: result: yes
configure:2465: checking whether we are cross compiling
configure:2467: result: no
configure:2470: checking for suffix of executables
configure:2472: gcc -o conftest    conftest.c  >&5
configure:2475: $? = 0
configure:2500: result: 
configure:2506: checking for suffix of object files
configure:2527: gcc -c   conftest.c >&5
configure:2530: $? = 0
configure:2552: result: o
configure:2556: checking whether we are using the GNU C compiler
configure:2580: gcc -c   conftest.c >&5
configure:2586: $? = 0
configure:2590: test -z 
			 || test ! -s conftest.err
configure:2593: $? = 0
configure:2596: test -s conftest.o
configure:2599: $? = 0
configure:2612: result: yes
configure:2618: checking whether gcc accepts -g
configure:2639: gcc -c -g  conftest.c >&5
configure:2645: $? = 0
configure:2649: test -z 
			 || test ! -s conftest.err
configure:2652: $? = 0
configure:2655: test -s conftest.o
configure:2658: $? = 0
configure:2669: result: yes
configure:2686: checking for gcc option to accept ANSI C
configure:2756: gcc  -c -g -O2  conftest.c >&5
configure:2762: $? = 0
configure:2766: test -z 
			 || test ! -s conftest.err
configure:2769: $? = 0
configure:2772: test -s conftest.o
configure:2775: $? = 0
configure:2793: result: none needed
configure:2811: gcc -c -g -O2  conftest.c >&5
conftest.c:2: error: syntax error before "me"
configure:2817: $? = 1
configure: failed program was:
| #ifndef __cplusplus
|   choke me
| #endif
configure:2961: checking for style of include used by make
configure:2989: result: GNU
configure:3017: checking dependency style of gcc
configure:3107: result: gcc3
configure:3137: checking for a BSD-compatible install
configure:3192: result: /usr/bin/install -c
configure:3257: checking build system type
configure:3275: result: i686-pc-linux-gnu
configure:3283: checking host system type
configure:3297: result: i686-pc-linux-gnu
configure:3305: checking for a sed that does not truncate output
configure:3359: result: /usr/bin/sed
configure:3362: checking for egrep
configure:3372: result: grep -E
configure:3388: checking for ld used by gcc
configure:3455: result: /usr/i686-pc-linux-gnu/bin/ld
configure:3464: checking if the linker (/usr/i686-pc-linux-gnu/bin/ld) is GNU ld
configure:3479: result: yes
configure:3484: checking for /usr/i686-pc-linux-gnu/bin/ld option to reload object files
configure:3491: result: -r
configure:3500: checking for BSD-compatible nm
configure:3542: result: /usr/bin/nm -B
configure:3546: checking whether ln -s works
configure:3550: result: yes
configure:3557: checking how to recognise dependent libraries
configure:3740: result: pass_all
configure:3872: gcc -c -g -O2  conftest.c >&5
configure:3875: $? = 0
configure:3972: checking how to run the C preprocessor
configure:4007: gcc -E  conftest.c
configure:4013: $? = 0
configure:4045: gcc -E  conftest.c
conftest.c:18:28: ac_nonexistent.h: No such file or directory
configure:4051: $? = 1
configure: failed program was:
| /* confdefs.h.  */
| 
| #define PACKAGE_NAME ""
| #define PACKAGE_TARNAME ""
| #define PACKAGE_VERSION ""
| #define PACKAGE_STRING ""
| #define PACKAGE_BUGREPORT ""
| #define WPD_MAJOR 0
| #define WPD_MINOR 7
| #define WPD_SUB 5
| #define WPD_CONF "/etc/wpd.conf"
| #define DEFCONF_PORT 1978
| #define DEFCONF_NSOCKETS 10
| #define DEFCONF_BATTUPDFREQ 10
| #define PACKAGE "wpd"
| #define VERSION "0.7.5"
| /* end confdefs.h.  */
| #include <ac_nonexistent.h>
configure:4090: result: gcc -E
configure:4114: gcc -E  conftest.c
configure:4120: $? = 0
configure:4152: gcc -E  conftest.c
conftest.c:18:28: ac_nonexistent.h: No such file or directory
configure:4158: $? = 1
configure: failed program was:
| /* confdefs.h.  */
| 
| #define PACKAGE_NAME ""
| #define PACKAGE_TARNAME ""
| #define PACKAGE_VERSION ""
| #define PACKAGE_STRING ""
| #define PACKAGE_BUGREPORT ""
| #define WPD_MAJOR 0
| #define WPD_MINOR 7
| #define WPD_SUB 5
| #define WPD_CONF "/etc/wpd.conf"
| #define DEFCONF_PORT 1978
| #define DEFCONF_NSOCKETS 10
| #define DEFCONF_BATTUPDFREQ 10
| #define PACKAGE "wpd"
| #define VERSION "0.7.5"
| /* end confdefs.h.  */
| #include <ac_nonexistent.h>
configure:4202: checking for ANSI C header files
configure:4227: gcc -c -g -O2  conftest.c >&5
configure:4233: $? = 0
configure:4237: test -z 
			 || test ! -s conftest.err
configure:4240: $? = 0
configure:4243: test -s conftest.o
configure:4246: $? = 0
configure:4335: gcc -o conftest -g -O2   conftest.c  >&5
configure:4338: $? = 0
configure:4340: ./conftest
configure:4343: $? = 0
configure:4358: result: yes
configure:4382: checking for sys/types.h
configure:4398: gcc -c -g -O2  conftest.c >&5
configure:4404: $? = 0
configure:4408: test -z 
			 || test ! -s conftest.err
configure:4411: $? = 0
configure:4414: test -s conftest.o
configure:4417: $? = 0
configure:4428: result: yes
configure:4382: checking for sys/stat.h
configure:4398: gcc -c -g -O2  conftest.c >&5
configure:4404: $? = 0
configure:4408: test -z 
			 || test ! -s conftest.err
configure:4411: $? = 0
configure:4414: test -s conftest.o
configure:4417: $? = 0
configure:4428: result: yes
configure:4382: checking for stdlib.h
configure:4398: gcc -c -g -O2  conftest.c >&5
configure:4404: $? = 0
configure:4408: test -z 
			 || test ! -s conftest.err
configure:4411: $? = 0
configure:4414: test -s conftest.o
configure:4417: $? = 0
configure:4428: result: yes
configure:4382: checking for string.h
configure:4398: gcc -c -g -O2  conftest.c >&5
configure:4404: $? = 0
configure:4408: test -z 
			 || test ! -s conftest.err
configure:4411: $? = 0
configure:4414: test -s conftest.o
configure:4417: $? = 0
configure:4428: result: yes
configure:4382: checking for memory.h
configure:4398: gcc -c -g -O2  conftest.c >&5
configure:4404: $? = 0
configure:4408: test -z 
			 || test ! -s conftest.err
configure:4411: $? = 0
configure:4414: test -s conftest.o
configure:4417: $? = 0
configure:4428: result: yes
configure:4382: checking for strings.h
configure:4398: gcc -c -g -O2  conftest.c >&5
configure:4404: $? = 0
configure:4408: test -z 
			 || test ! -s conftest.err
configure:4411: $? = 0
configure:4414: test -s conftest.o
configure:4417: $? = 0
configure:4428: result: yes
configure:4382: checking for inttypes.h
configure:4398: gcc -c -g -O2  conftest.c >&5
configure:4404: $? = 0
configure:4408: test -z 
			 || test ! -s conftest.err
configure:4411: $? = 0
configure:4414: test -s conftest.o
configure:4417: $? = 0
configure:4428: result: yes
configure:4382: checking for stdint.h
configure:4398: gcc -c -g -O2  conftest.c >&5
configure:4404: $? = 0
configure:4408: test -z 
			 || test ! -s conftest.err
configure:4411: $? = 0
configure:4414: test -s conftest.o
configure:4417: $? = 0
configure:4428: result: yes
configure:4382: checking for unistd.h
configure:4398: gcc -c -g -O2  conftest.c >&5
configure:4404: $? = 0
configure:4408: test -z 
			 || test ! -s conftest.err
configure:4411: $? = 0
configure:4414: test -s conftest.o
configure:4417: $? = 0
configure:4428: result: yes
configure:4454: checking dlfcn.h usability
configure:4466: gcc -c -g -O2  conftest.c >&5
configure:4472: $? = 0
configure:4476: test -z 
			 || test ! -s conftest.err
configure:4479: $? = 0
configure:4482: test -s conftest.o
configure:4485: $? = 0
configure:4495: result: yes
configure:4499: checking dlfcn.h presence
configure:4509: gcc -E  conftest.c
configure:4515: $? = 0
configure:4535: result: yes
configure:4570: checking for dlfcn.h
configure:4577: result: yes
configure:4684: checking for C++ compiler version
configure:4687: g++ --version </dev/null >&5
g++ (GCC) 3.3.4 20040623 (Gentoo Linux 3.3.4-r1, ssp-3.3.2-2, pie-8.7.6)
Copyright (C) 2003 Free Software Foundation, Inc.
This is free software; see the source for copying conditions.  There is NO
warranty; not even for MERCHANTABILITY or FITNESS FOR A PARTICULAR PURPOSE.

configure:4690: $? = 0
configure:4692: g++ -v </dev/null >&5
Reading specs from /usr/lib/gcc-lib/i686-pc-linux-gnu/3.3.4/specs
Configured with: /var/tmp/portage/gcc-3.3.4-r1/work/gcc-3.3.4/configure --prefix=/usr --bindir=/usr/i686-pc-linux-gnu/gcc-bin/3.3 --includedir=/usr/lib/gcc-lib/i686-pc-linux-gnu/3.3.4/include --datadir=/usr/share/gcc-data/i686-pc-linux-gnu/3.3 --mandir=/usr/share/gcc-data/i686-pc-linux-gnu/3.3/man --infodir=/usr/share/gcc-data/i686-pc-linux-gnu/3.3/info --enable-shared --host=i686-pc-linux-gnu --target=i686-pc-linux-gnu --with-system-zlib --enable-languages=c,c++,f77 --enable-threads=posix --enable-long-long --disable-checking --disable-libunwind-exceptions --enable-cstdio=stdio --enable-version-specific-runtime-libs --with-gxx-include-dir=/usr/lib/gcc-lib/i686-pc-linux-gnu/3.3.4/include/g++-v3 --with-local-prefix=/usr/local --enable-shared --enable-nls --without-included-gettext --disable-multilib --enable-__cxa_atexit --enable-clocale=generic
Thread model: posix
gcc version 3.3.4 20040623 (Gentoo Linux 3.3.4-r1, ssp-3.3.2-2, pie-8.7.6)
configure:4695: $? = 0
configure:4697: g++ -V </dev/null >&5
g++: `-V' option must have argument
configure:4700: $? = 1
configure:4703: checking whether we are using the GNU C++ compiler
configure:4727: g++ -c   conftest.cc >&5
configure:4733: $? = 0
configure:4737: test -z 
			 || test ! -s conftest.err
configure:4740: $? = 0
configure:4743: test -s conftest.o
configure:4746: $? = 0
configure:4759: result: yes
configure:4765: checking whether g++ accepts -g
configure:4786: g++ -c -g  conftest.cc >&5
configure:4792: $? = 0
configure:4796: test -z 
			 || test ! -s conftest.err
configure:4799: $? = 0
configure:4802: test -s conftest.o
configure:4805: $? = 0
configure:4816: result: yes
configure:4858: g++ -c -g -O2  conftest.cc >&5
configure:4864: $? = 0
configure:4868: test -z 
			 || test ! -s conftest.err
configure:4871: $? = 0
configure:4874: test -s conftest.o
configure:4877: $? = 0
configure:4903: g++ -c -g -O2  conftest.cc >&5
conftest.cc: In function `int main()':
conftest.cc:33: error: `exit' undeclared (first use this function)
conftest.cc:33: error: (Each undeclared identifier is reported only once for 
   each function it appears in.)
configure:4909: $? = 1
configure: failed program was:
| /* confdefs.h.  */
| 
| #define PACKAGE_NAME ""
| #define PACKAGE_TARNAME ""
| #define PACKAGE_VERSION ""
| #define PACKAGE_STRING ""
| #define PACKAGE_BUGREPORT ""
| #define WPD_MAJOR 0
| #define WPD_MINOR 7
| #define WPD_SUB 5
| #define WPD_CONF "/etc/wpd.conf"
| #define DEFCONF_PORT 1978
| #define DEFCONF_NSOCKETS 10
| #define DEFCONF_BATTUPDFREQ 10
| #define PACKAGE "wpd"
| #define VERSION "0.7.5"
| #define STDC_HEADERS 1
| #define HAVE_SYS_TYPES_H 1
| #define HAVE_SYS_STAT_H 1
| #define HAVE_STDLIB_H 1
| #define HAVE_STRING_H 1
| #define HAVE_MEMORY_H 1
| #define HAVE_STRINGS_H 1
| #define HAVE_INTTYPES_H 1
| #define HAVE_STDINT_H 1
| #define HAVE_UNISTD_H 1
| #define HAVE_DLFCN_H 1
| /* end confdefs.h.  */
| 
| int
| main ()
| {
| exit (42);
|   ;
|   return 0;
| }
configure:4858: g++ -c -g -O2  conftest.cc >&5
configure:4864: $? = 0
configure:4868: test -z 
			 || test ! -s conftest.err
configure:4871: $? = 0
configure:4874: test -s conftest.o
configure:4877: $? = 0
configure:4903: g++ -c -g -O2  conftest.cc >&5
configure:4909: $? = 0
configure:4913: test -z 
			 || test ! -s conftest.err
configure:4916: $? = 0
configure:4919: test -s conftest.o
configure:4922: $? = 0
configure:4947: checking dependency style of g++
configure:5037: result: gcc3
configure:5059: checking how to run the C++ preprocessor
configure:5090: g++ -E  conftest.cc
configure:5096: $? = 0
configure:5128: g++ -E  conftest.cc
conftest.cc:32:28: ac_nonexistent.h: No such file or directory
configure:5134: $? = 1
configure: failed program was:
| /* confdefs.h.  */
| 
| #define PACKAGE_NAME ""
| #define PACKAGE_TARNAME ""
| #define PACKAGE_VERSION ""
| #define PACKAGE_STRING ""
| #define PACKAGE_BUGREPORT ""
| #define WPD_MAJOR 0
| #define WPD_MINOR 7
| #define WPD_SUB 5
| #define WPD_CONF "/etc/wpd.conf"
| #define DEFCONF_PORT 1978
| #define DEFCONF_NSOCKETS 10
| #define DEFCONF_BATTUPDFREQ 10
| #define PACKAGE "wpd"
| #define VERSION "0.7.5"
| #define STDC_HEADERS 1
| #define HAVE_SYS_TYPES_H 1
| #define HAVE_SYS_STAT_H 1
| #define HAVE_STDLIB_H 1
| #define HAVE_STRING_H 1
| #define HAVE_MEMORY_H 1
| #define HAVE_STRINGS_H 1
| #define HAVE_INTTYPES_H 1
| #define HAVE_STDINT_H 1
| #define HAVE_UNISTD_H 1
| #define HAVE_DLFCN_H 1
| #ifdef __cplusplus
| extern "C" void std::exit (int) throw (); using std::exit;
| #endif
| /* end confdefs.h.  */
| #include <ac_nonexistent.h>
configure:5173: result: g++ -E
configure:5197: g++ -E  conftest.cc
configure:5203: $? = 0
configure:5235: g++ -E  conftest.cc
conftest.cc:32:28: ac_nonexistent.h: No such file or directory
configure:5241: $? = 1
configure: failed program was:
| /* confdefs.h.  */
| 
| #define PACKAGE_NAME ""
| #define PACKAGE_TARNAME ""
| #define PACKAGE_VERSION ""
| #define PACKAGE_STRING ""
| #define PACKAGE_BUGREPORT ""
| #define WPD_MAJOR 0
| #define WPD_MINOR 7
| #define WPD_SUB 5
| #define WPD_CONF "/etc/wpd.conf"
| #define DEFCONF_PORT 1978
| #define DEFCONF_NSOCKETS 10
| #define DEFCONF_BATTUPDFREQ 10
| #define PACKAGE "wpd"
| #define VERSION "0.7.5"
| #define STDC_HEADERS 1
| #define HAVE_SYS_TYPES_H 1
| #define HAVE_SYS_STAT_H 1
| #define HAVE_STDLIB_H 1
| #define HAVE_STRING_H 1
| #define HAVE_MEMORY_H 1
| #define HAVE_STRINGS_H 1
| #define HAVE_INTTYPES_H 1
| #define HAVE_STDINT_H 1
| #define HAVE_UNISTD_H 1
| #define HAVE_DLFCN_H 1
| #ifdef __cplusplus
| extern "C" void std::exit (int) throw (); using std::exit;
| #endif
| /* end confdefs.h.  */
| #include <ac_nonexistent.h>
configure:5336: checking for g77
configure:5352: found /usr/i686-pc-linux-gnu/gcc-bin/3.3/g77
configure:5362: result: g77
configure:5377: checking for Fortran 77 compiler version
configure:5380: g77 --version </dev/null >&5
GNU Fortran (GCC) 3.3.4 20040623 (Gentoo Linux 3.3.4-r1, ssp-3.3.2-2, pie-8.7.6)
Copyright (C) 2002 Free Software Foundation, Inc.

GNU Fortran comes with NO WARRANTY, to the extent permitted by law.
You may redistribute copies of GNU Fortran
under the terms of the GNU General Public License.
For more information about these matters, see the file named COPYING
or type the command `info -f g77 Copying'.
configure:5383: $? = 0
configure:5385: g77 -v </dev/null >&5
Reading specs from /usr/lib/gcc-lib/i686-pc-linux-gnu/3.3.4/specs
Configured with: /var/tmp/portage/gcc-3.3.4-r1/work/gcc-3.3.4/configure --prefix=/usr --bindir=/usr/i686-pc-linux-gnu/gcc-bin/3.3 --includedir=/usr/lib/gcc-lib/i686-pc-linux-gnu/3.3.4/include --datadir=/usr/share/gcc-data/i686-pc-linux-gnu/3.3 --mandir=/usr/share/gcc-data/i686-pc-linux-gnu/3.3/man --infodir=/usr/share/gcc-data/i686-pc-linux-gnu/3.3/info --enable-shared --host=i686-pc-linux-gnu --target=i686-pc-linux-gnu --with-system-zlib --enable-languages=c,c++,f77 --enable-threads=posix --enable-long-long --disable-checking --disable-libunwind-exceptions --enable-cstdio=stdio --enable-version-specific-runtime-libs --with-gxx-include-dir=/usr/lib/gcc-lib/i686-pc-linux-gnu/3.3.4/include/g++-v3 --with-local-prefix=/usr/local --enable-shared --enable-nls --without-included-gettext --disable-multilib --enable-__cxa_atexit --enable-clocale=generic
Thread model: posix
gcc version 3.3.4 20040623 (Gentoo Linux 3.3.4-r1, ssp-3.3.2-2, pie-8.7.6)
configure:5388: $? = 0
configure:5390: g77 -V </dev/null >&5
g77: `-V' option must have argument
configure:5393: $? = 1
configure:5401: checking whether we are using the GNU Fortran 77 compiler
configure:5415: g77 -c  conftest.F >&5
configure:5421: $? = 0
configure:5425: test -z 
			 || test ! -s conftest.err
configure:5428: $? = 0
configure:5431: test -s conftest.o
configure:5434: $? = 0
configure:5447: result: yes
configure:5453: checking whether g77 accepts -g
configure:5465: g77 -c -g conftest.f >&5
configure:5471: $? = 0
configure:5475: test -z 
			 || test ! -s conftest.err
configure:5478: $? = 0
configure:5481: test -s conftest.o
configure:5484: $? = 0
configure:5496: result: yes
configure:5526: checking the maximum length of command line arguments
configure:5591: result: 32768
configure:5602: checking command to parse /usr/bin/nm -B output from gcc object
configure:5691: gcc -c -g -O2  conftest.c >&5
configure:5694: $? = 0
configure:5698: /usr/bin/nm -B conftest.o \| sed -n -e 's/^.*[ 	]\([ABCDGIRSTW][ABCDGIRSTW]*\)[ 	][ 	]*\(\)\([_A-Za-z][_A-Za-z0-9]*\)$/\1 \2\3 \3/p' \> conftest.nm
configure:5701: $? = 0
configure:5753: gcc -o conftest -g -O2   conftest.c conftstm.o >&5
configure:5756: $? = 0
configure:5794: result: ok
configure:5798: checking for objdir
configure:5813: result: .libs
configure:5903: checking for ar
configure:5919: found /usr/bin/ar
configure:5930: result: ar
configure:5983: checking for ranlib
configure:5999: found /usr/bin/ranlib
configure:6010: result: ranlib
configure:6063: checking for strip
configure:6079: found /usr/bin/strip
configure:6090: result: strip
configure:6352: checking if gcc static flag  works
configure:6375: result: yes
configure:6393: checking if gcc supports -fno-rtti -fno-exceptions
configure:6411: gcc -c -g -O2  -fno-rtti -fno-exceptions conftest.c >&5
cc1: warning: "-fno-rtti" is valid for C++ but not for C/ObjC
configure:6415: $? = 0
configure:6426: result: no
configure:6441: checking for gcc option to produce PIC
configure:6618: result: -fPIC
configure:6626: checking if gcc PIC flag -fPIC works
configure:6644: gcc -c -g -O2  -fPIC -DPIC conftest.c >&5
configure:6648: $? = 0
configure:6659: result: yes
configure:6683: checking if gcc supports -c -o file.o
configure:6704: gcc -c -g -O2  -o out/conftest2.o conftest.c >&5
configure:6708: $? = 0
configure:6728: result: yes
configure:6754: checking whether the gcc linker (/usr/i686-pc-linux-gnu/bin/ld) supports shared libraries
configure:7602: result: yes
configure:7628: checking whether -lc should be explicitly linked in
configure:7633: gcc -c -g -O2  conftest.c >&5
configure:7636: $? = 0
configure:7650: gcc -shared conftest.o  -v -Wl,-soname -Wl,conftest -o conftest 2\>\&1 \| grep  -lc  \>/dev/null 2\>\&1
configure:7653: $? = 0
configure:7665: result: no
configure:7673: checking dynamic linker characteristics
configure:8268: result: GNU/Linux ld.so
configure:8272: checking how to hardcode library paths into programs
configure:8297: result: immediate
configure:8311: checking whether stripping libraries is possible
configure:8316: result: yes
configure:9146: checking if libtool supports shared libraries
configure:9148: result: yes
configure:9151: checking whether to build shared libraries
configure:9209: result: yes
configure:9212: checking whether to build static libraries
configure:9216: result: no
configure:9308: creating libtool
configure:9855: checking for ld used by g++
configure:9922: result: /usr/i686-pc-linux-gnu/bin/ld
configure:9931: checking if the linker (/usr/i686-pc-linux-gnu/bin/ld) is GNU ld
configure:9946: result: yes
configure:9997: checking whether the g++ linker (/usr/i686-pc-linux-gnu/bin/ld) supports shared libraries
configure:10825: result: yes
configure:10843: g++ -c -g -O2  conftest.cc >&5
configure:10846: $? = 0
configure:10942: checking for g++ option to produce PIC
configure:11194: result: -fPIC
configure:11202: checking if g++ PIC flag -fPIC works
configure:11220: g++ -c -g -O2  -fPIC -DPIC conftest.cc >&5
configure:11224: $? = 0
configure:11235: result: yes
configure:11259: checking if g++ supports -c -o file.o
configure:11280: g++ -c -g -O2  -o out/conftest2.o conftest.cc >&5
configure:11284: $? = 0
configure:11304: result: yes
configure:11330: checking whether the g++ linker (/usr/i686-pc-linux-gnu/bin/ld) supports shared libraries
configure:11355: result: yes
configure:11426: checking dynamic linker characteristics
configure:12021: result: GNU/Linux ld.so
configure:12025: checking how to hardcode library paths into programs
configure:12050: result: immediate
configure:12064: checking whether stripping libraries is possible
configure:12069: result: yes
configure:13376: checking if libtool supports shared libraries
configure:13378: result: yes
configure:13381: checking whether to build shared libraries
configure:13399: result: yes
configure:13402: checking whether to build static libraries
configure:13406: result: no
configure:13418: checking for g77 option to produce PIC
configure:13595: result: -fPIC
configure:13603: checking if g77 PIC flag -fPIC works
configure:13621: g77 -c -g -O2 -fPIC conftest.f >&5
configure:13625: $? = 0
configure:13636: result: yes
configure:13660: checking if g77 supports -c -o file.o
configure:13681: g77 -c -g -O2 -o out/conftest2.o conftest.f >&5
configure:13685: $? = 0
configure:13705: result: yes
configure:13731: checking whether the g77 linker (/usr/i686-pc-linux-gnu/bin/ld) supports shared libraries
configure:14559: result: yes
configure:14630: checking dynamic linker characteristics
configure:15225: result: GNU/Linux ld.so
configure:15229: checking how to hardcode library paths into programs
configure:15254: result: immediate
configure:15268: checking whether stripping libraries is possible
configure:15273: result: yes
configure:19434: checking for main in -lm
configure:19458: gcc -o conftest -g -O2   conftest.c -lm   >&5
configure:19464: $? = 0
configure:19468: test -z 
			 || test ! -s conftest.err
configure:19471: $? = 0
configure:19474: test -s conftest
configure:19477: $? = 0
configure:19490: result: yes
configure:19503: checking for gkrellm2
configure:19519: found /usr/bin/gkrellm2
configure:19530: result: TRUE
configure:19538: checking for ANSI C header files
configure:19694: result: yes
configure:19720: checking fcntl.h usability
configure:19732: gcc -c -g -O2  conftest.c >&5
configure:19738: $? = 0
configure:19742: test -z 
			 || test ! -s conftest.err
configure:19745: $? = 0
configure:19748: test -s conftest.o
configure:19751: $? = 0
configure:19761: result: yes
configure:19765: checking fcntl.h presence
configure:19775: gcc -E  conftest.c
configure:19781: $? = 0
configure:19801: result: yes
configure:19836: checking for fcntl.h
configure:19843: result: yes
configure:19720: checking sys/time.h usability
configure:19732: gcc -c -g -O2  conftest.c >&5
configure:19738: $? = 0
configure:19742: test -z 
			 || test ! -s conftest.err
configure:19745: $? = 0
configure:19748: test -s conftest.o
configure:19751: $? = 0
configure:19761: result: yes
configure:19765: checking sys/time.h presence
configure:19775: gcc -E  conftest.c
configure:19781: $? = 0
configure:19801: result: yes
configure:19836: checking for sys/time.h
configure:19843: result: yes
configure:19711: checking for unistd.h
configure:19716: result: yes
configure:19857: checking return type of signal handlers
configure:19888: gcc -c -g -O2  conftest.c >&5
configure:19894: $? = 0
configure:19898: test -z 
			 || test ! -s conftest.err
configure:19901: $? = 0
configure:19904: test -s conftest.o
configure:19907: $? = 0
configure:19918: result: void
configure:19933: checking for gettimeofday
configure:19990: gcc -o conftest -g -O2   conftest.c -lm  >&5
configure:19996: $? = 0
configure:20000: test -z 
			 || test ! -s conftest.err
configure:20003: $? = 0
configure:20006: test -s conftest
configure:20009: $? = 0
configure:20021: result: yes
configure:19933: checking for select
configure:19990: gcc -o conftest -g -O2   conftest.c -lm  >&5
configure:19996: $? = 0
configure:20000: test -z 
			 || test ! -s conftest.err
configure:20003: $? = 0
configure:20006: test -s conftest
configure:20009: $? = 0
configure:20021: result: yes
configure:19933: checking for socket
configure:19990: gcc -o conftest -g -O2   conftest.c -lm  >&5
configure:19996: $? = 0
configure:20000: test -z 
			 || test ! -s conftest.err
configure:20003: $? = 0
configure:20006: test -s conftest
configure:20009: $? = 0
configure:20021: result: yes
configure:19933: checking for strerror
configure:19990: gcc -o conftest -g -O2   conftest.c -lm  >&5
configure:19996: $? = 0
configure:20000: test -z 
			 || test ! -s conftest.err
configure:20003: $? = 0
configure:20006: test -s conftest
configure:20009: $? = 0
configure:20021: result: yes
configure:20127: checking for pkg-config
configure:20145: found /usr/bin/pkg-config
configure:20158: result: /usr/bin/pkg-config
configure:20175: checking for xfce4-panel-1.0 >= 4.2.0
configure:20179: result: yes
configure:20183: checking XFCE4_PANEL_CFLAGS
configure:20186: result: -DXTHREADS -D_REENTRANT -DXUSE_MTSAFE_API -I/usr/include/xfce4 -I/usr/X11R6/include -I/usr/include/libxml2 -I/usr/include/gtk-2.0 -I/usr/lib/gtk-2.0/include -I/usr/include/pango-1.0 -I/usr/include/freetype2 -I/usr/include/freetype2/config -I/usr/include/glib-2.0 -I/usr/lib/glib-2.0/include -I/usr/include/atk-1.0  
configure:20189: checking XFCE4_PANEL_LIBS
configure:20192: result: -Wl,--export-dynamic -L/usr/X11R6/lib -lxfcegui4 -lxml2 -lpthread -lz -lgtk-x11-2.0 -lxfce4util -lgdk-x11-2.0 -latk-1.0 -lgdk_pixbuf-2.0 -lm -lpangoxft-1.0 -lpangox-1.0 -lpango-1.0 -lgobject-2.0 -lgmodule-2.0 -ldl -lglib-2.0  
configure:20223: checking where to install panel plugins
configure:20227: result: /usr/lib/xfce4/panel-plugins
configure:20386: creating ./config.status

## ---------------------- ##
## Running config.status. ##
## ---------------------- ##

This file was extended by config.status, which was
generated by GNU Autoconf 2.59.  Invocation command line was

  CONFIG_FILES    = 
  CONFIG_HEADERS  = 
  CONFIG_LINKS    = 
  CONFIG_COMMANDS = 
  $ ./config.status 

on voyager

config.status:740: creating Makefile
config.status:740: creating doc/Makefile
config.status:740: creating src/Makefile
config.status:740: creating wpk/Makefile
config.status:740: creating wpc/Makefile
config.status:740: creating panel-plugin/Makefile
config.status:844: creating config.h
config.status:1166: executing depfiles commands

## ---------------- ##
## Cache variables. ##
## ---------------- ##

ac_cv_build=i686-pc-linux-gnu
ac_cv_build_alias=i686-pc-linux-gnu
ac_cv_c_compiler_gnu=yes
ac_cv_cxx_compiler_gnu=yes
ac_cv_env_CC_set=set
ac_cv_env_CC_value=gcc
ac_cv_env_CFLAGS_set=
ac_cv_env_CFLAGS_value=
ac_cv_env_CPPFLAGS_set=
ac_cv_env_CPPFLAGS_value=
ac_cv_env_CPP_set=
ac_cv_env_CPP_value=
ac_cv_env_CXXCPP_set=
ac_cv_env_CXXCPP_value=
ac_cv_env_CXXFLAGS_set=
ac_cv_env_CXXFLAGS_value=
ac_cv_env_CXX_set=set
ac_cv_env_CXX_value=g++
ac_cv_env_F77_set=
ac_cv_env_F77_value=
ac_cv_env_FFLAGS_set=
ac_cv_env_FFLAGS_value=
ac_cv_env_LDFLAGS_set=
ac_cv_env_LDFLAGS_value=
ac_cv_env_build_alias_set=
ac_cv_env_build_alias_value=
ac_cv_env_host_alias_set=
ac_cv_env_host_alias_value=
ac_cv_env_target_alias_set=
ac_cv_env_target_alias_value=
ac_cv_exeext=
ac_cv_f77_compiler_gnu=yes
ac_cv_func_gettimeofday=yes
ac_cv_func_select=yes
ac_cv_func_socket=yes
ac_cv_func_strerror=yes
ac_cv_header_dlfcn_h=yes
ac_cv_header_fcntl_h=yes
ac_cv_header_inttypes_h=yes
ac_cv_header_memory_h=yes
ac_cv_header_stdc=yes
ac_cv_header_stdint_h=yes
ac_cv_header_stdlib_h=yes
ac_cv_header_string_h=yes
ac_cv_header_strings_h=yes
ac_cv_header_sys_stat_h=yes
ac_cv_header_sys_time_h=yes
ac_cv_header_sys_types_h=yes
ac_cv_header_unistd_h=yes
ac_cv_host=i686-pc-linux-gnu
ac_cv_host_alias=i686-pc-linux-gnu
ac_cv_lib_m_main=yes
ac_cv_objext=o
ac_cv_path_PKG_CONFIG=/usr/bin/pkg-config
ac_cv_path_install='/usr/bin/install -c'
ac_cv_prog_AWK=gawk
ac_cv_prog_CPP='gcc -E'
ac_cv_prog_CXXCPP='g++ -E'
ac_cv_prog_HAS_GKRELLM=TRUE
ac_cv_prog_ac_ct_AR=ar
ac_cv_prog_ac_ct_CC=gcc
ac_cv_prog_ac_ct_F77=g77
ac_cv_prog_ac_ct_RANLIB=ranlib
ac_cv_prog_ac_ct_STRIP=strip
ac_cv_prog_cc_g=yes
ac_cv_prog_cc_stdc=
ac_cv_prog_cxx_g=yes
ac_cv_prog_egrep='grep -E'
ac_cv_prog_f77_g=yes
ac_cv_prog_make_make_set=yes
ac_cv_type_signal=void
am_cv_CC_dependencies_compiler_type=gcc3
am_cv_CXX_dependencies_compiler_type=gcc3
lt_cv_cc_64bit_output=no
lt_cv_deplibs_check_method=pass_all
lt_cv_file_magic_cmd='$MAGIC_CMD'
lt_cv_file_magic_test_file='/lib/libc.so.6 /lib/libc-2.3.4.so'
lt_cv_ld_reload_flag=-r
lt_cv_objdir=.libs
lt_cv_path_LD=/usr/i686-pc-linux-gnu/bin/ld
lt_cv_path_LDCXX=/usr/i686-pc-linux-gnu/bin/ld
lt_cv_path_NM='/usr/bin/nm -B'
lt_cv_path_SED=/usr/bin/sed
lt_cv_prog_compiler_c_o=yes
lt_cv_prog_compiler_c_o_CXX=yes
lt_cv_prog_compiler_c_o_F77=yes
lt_cv_prog_compiler_rtti_exceptions=no
lt_cv_prog_gnu_ld=yes
lt_cv_prog_gnu_ldcxx=yes
lt_cv_sys_global_symbol_pipe='sed -n -e '\''s/^.*[ 	]\([ABCDGIRSTW][ABCDGIRSTW]*\)[ 	][ 	]*\(\)\([_A-Za-z][_A-Za-z0-9]*\)$/\1 \2\3 \3/p'\'''
lt_cv_sys_global_symbol_to_c_name_address='sed -n -e '\''s/^: \([^ ]*\) $/  {\"\1\", (lt_ptr) 0},/p'\'' -e '\''s/^[BCDEGRST] \([^ ]*\) \([^ ]*\)$/  {"\2", (lt_ptr) \&\2},/p'\'''
lt_cv_sys_global_symbol_to_cdecl='sed -n -e '\''s/^. .* \(.*\)$/extern int \1;/p'\'''
lt_cv_sys_max_cmd_len=32768
lt_lt_cv_prog_compiler_c_o='"yes"'
lt_lt_cv_prog_compiler_c_o_CXX='"yes"'
lt_lt_cv_prog_compiler_c_o_F77='"yes"'
lt_lt_cv_sys_global_symbol_pipe='"sed -n -e '\''s/^.*[ 	]\\([ABCDGIRSTW][ABCDGIRSTW]*\\)[ 	][ 	]*\\(\\)\\([_A-Za-z][_A-Za-z0-9]*\\)\$/\\1 \\2\\3 \\3/p'\''"'
lt_lt_cv_sys_global_symbol_to_c_name_address='"sed -n -e '\''s/^: \\([^ ]*\\) \$/  {\\\"\\1\\\", (lt_ptr) 0},/p'\'' -e '\''s/^[BCDEGRST] \\([^ ]*\\) \\([^ ]*\\)\$/  {\"\\2\", (lt_ptr) \\&\\2},/p'\''"'
lt_lt_cv_sys_global_symbol_to_cdecl='"sed -n -e '\''s/^. .* \\(.*\\)\$/extern int \\1;/p'\''"'

## ----------------- ##
## Output variables. ##
## ----------------- ##

ACLOCAL='${SHELL} /home/willy/devel/wpd/missing --run aclocal-1.8'
AMDEPBACKSLASH='\'
AMDEP_FALSE='#'
AMDEP_TRUE=''
AMTAR='${SHELL} /home/willy/devel/wpd/missing --run tar'
AR='ar'
AUTOCONF='${SHELL} /home/willy/devel/wpd/missing --run autoconf'
AUTOHEADER='${SHELL} /home/willy/devel/wpd/missing --run autoheader'
AUTOMAKE='${SHELL} /home/willy/devel/wpd/missing --run automake-1.8'
AWK='gawk'
CC='gcc'
CCDEPMODE='depmode=gcc3'
CFLAGS='-g -O2'
CPP='gcc -E'
CPPFLAGS=''
CXX='g++'
CXXCPP='g++ -E'
CXXDEPMODE='depmode=gcc3'
CXXFLAGS='-g -O2'
CYGPATH_W='echo'
DEFCONF_BATTUPDFREQ='10'
DEFCONF_NSOCKETS='10'
DEFCONF_PORT='1978'
DEFS='-DHAVE_CONFIG_H'
DEPDIR='.deps'
ECHO='echo'
ECHO_C=''
ECHO_N='-n'
ECHO_T=''
EGREP='grep -E'
ENABLE_WPC_FALSE='#'
ENABLE_WPC_TRUE=''
ENABLE_WPK_FALSE='#'
ENABLE_WPK_TRUE=''
ENABLE_XFCE4_FALSE='#'
ENABLE_XFCE4_TRUE=''
EXEEXT=''
F77='g77'
FFLAGS='-g -O2'
GPD_USR_LIB_FALSE='#'
GPD_USR_LIB_TRUE=''
GPD_USR_LOCAL_LIB_FALSE=''
GPD_USR_LOCAL_LIB_TRUE='#'
HAS_GKRELLM='TRUE'
INSTALL_DATA='${INSTALL} -m 644'
INSTALL_PROGRAM='${INSTALL}'
INSTALL_SCRIPT='${INSTALL}'
INSTALL_STRIP_PROGRAM='${SHELL} $(install_sh) -c -s'
LDFLAGS=''
LIBOBJS=''
LIBS='-lm '
LIBTOOL='$(SHELL) $(top_builddir)/libtool'
LN_S='ln -s'
LTLIBOBJS=''
MAKEINFO='${SHELL} /home/willy/devel/wpd/missing --run makeinfo'
OBJEXT='o'
PACKAGE='wpd'
PACKAGE_BUGREPORT=''
PACKAGE_NAME=''
PACKAGE_STRING=''
PACKAGE_TARNAME=''
PACKAGE_VERSION=''
PATH_SEPARATOR=':'
PKG_CONFIG='/usr/bin/pkg-config'
RANLIB='ranlib'
SET_MAKE=''
SHELL='/bin/sh'
STRIP='strip'
VERSION='0.7.5'
WPD_CONF='"/etc/wpd.conf"'
WPD_MAJOR='0'
WPD_MINOR='7'
WPD_MSUB=''
XFCE4_PANEL_CFLAGS='-DXTHREADS -D_REENTRANT -DXUSE_MTSAFE_API -I/usr/include/xfce4 -I/usr/X11R6/include -I/usr/include/libxml2 -I/usr/include/gtk-2.0 -I/usr/lib/gtk-2.0/include -I/usr/include/pango-1.0 -I/usr/include/freetype2 -I/usr/include/freetype2/config -I/usr/include/glib-2.0 -I/usr/lib/glib-2.0/include -I/usr/include/atk-1.0  '
XFCE4_PANEL_LIBS='-Wl,--export-dynamic -L/usr/X11R6/lib -lxfcegui4 -lxml2 -lpthread -lz -lgtk-x11-2.0 -lxfce4util -lgdk-x11-2.0 -latk-1.0 -lgdk_pixbuf-2.0 -lm -lpangoxft-1.0 -lpangox-1.0 -lpango-1.0 -lgobject-2.0 -lgmodule-2.0 -ldl -lglib-2.0  '
XFCE4_PANEL_PLUGINSDIR='/usr/lib/xfce4/panel-plugins'
XFCE4_PANEL_REQUIRED_VERSION='4.2.0'
ac_ct_AR='ar'
ac_ct_CC='gcc'
ac_ct_CXX=''
ac_ct_F77='g77'
ac_ct_RANLIB='ranlib'
ac_ct_STRIP='strip'
am__fastdepCC_FALSE='#'
am__fastdepCC_TRUE=''
am__fastdepCXX_FALSE='#'
am__fastdepCXX_TRUE=''
am__include='include'
am__leading_dot='.'
am__quote=''
bindir='${exec_prefix}/bin'
build='i686-pc-linux-gnu'
build_alias=''
build_cpu='i686'
build_os='linux-gnu'
build_vendor='pc'
datadir='${prefix}/share'
exec_prefix='${prefix}'
host='i686-pc-linux-gnu'
host_alias=''
host_cpu='i686'
host_os='linux-gnu'
host_vendor='pc'
includedir='${prefix}/include'
infodir='${prefix}/info'
install_sh='/home/willy/devel/wpd/install-sh'
libdir='${exec_prefix}/lib'
libexecdir='${exec_prefix}/libexec'
localstatedir='${prefix}/var'
mandir='${prefix}/man'
mkdir_p='mkdir -p -- .'
oldincludedir='/usr/include'
prefix='/usr'
program_transform_name='s,x,x,'
sbindir='${exec_prefix}/sbin'
sharedstatedir='${prefix}/com'
sysconfdir='${prefix}/etc'
target_alias=''

## ----------- ##
## confdefs.h. ##
## ----------- ##

#define DEFCONF_BATTUPDFREQ 10
#define DEFCONF_NSOCKETS 10
#define DEFCONF_PORT 1978
#define HAVE_DLFCN_H 1
#define HAVE_FCNTL_H 1
#define HAVE_GETTIMEOFDAY 1
#define HAVE_INTTYPES_H 1
#define HAVE_LIBM 1
#define HAVE_MEMORY_H 1
#define HAVE_SELECT 1
#define HAVE_SOCKET 1
#define HAVE_STDINT_H 1
#define HAVE_STDLIB_H 1
#define HAVE_STRERROR 1
#define HAVE_STRINGS_H 1
#define HAVE_STRING_H 1
#define HAVE_SYS_STAT_H 1
#define HAVE_SYS_TIME_H 1
#define HAVE_SYS_TYPES_H 1
#define HAVE_UNISTD_H 1
#define HAVE_UNISTD_H 1
#define PACKAGE "wpd"
#define PACKAGE_BUGREPORT ""
#define PACKAGE_NAME ""
#define PACKAGE_STRING ""
#define PACKAGE_TARNAME ""
#define PACKAGE_VERSION ""
#define RETSIGTYPE void
#define STDC_HEADERS 1
#define STDC_HEADERS 1
#define VERSION "0.7.5"
#define WPD_CONF "/etc/wpd.conf"
#define WPD_MAJOR 0
#define WPD_MINOR 7
#define WPD_SUB 5
#endif
#ifdef __cplusplus
extern "C" void std::exit (int) throw (); using std::exit;

configure: exit 0

## ---------------------- ##
## Running config.status. ##
## ---------------------- ##

This file was extended by config.status, which was
generated by GNU Autoconf 2.59.  Invocation command line was

  CONFIG_FILES    = 
  CONFIG_HEADERS  = 
  CONFIG_LINKS    = 
  CONFIG_COMMANDS = 
  $ ./config.status config.h

on voyager

config.status:844: creating config.h
config.status:986: config.h is unchanged
